# JRE version: Java(TM) SE Runtime Environment 18.9 (11.0.16+11) (build 11.0.16+11-LTS-199)
# Java VM: Java HotSpot(TM) 64-Bit Server VM 18.9 (11.0.16+11-LTS-199, mixed mode, tiered, compressed oops, g1 gc, windows-amd64)
Heap:
 garbage-first heap   total 305152K, used 132442K [0x0000000080000000, 0x0000000100000000)
  region size 1024K, 8 young (8192K), 5 survivors (5120K)
 Metaspace       used 97669K, capacity 101593K, committed 101760K, reserved 604160K
  class space    used 13075K, capacity 14609K, committed 14720K, reserved 516096K
GC Heap History (10 events):
Event: 76.789 GC heap before
{Heap before GC invocations=62 (full 0):
 garbage-first heap   total 149504K, used 126284K [0x0000000080000000, 0x0000000100000000)
  region size 1024K, 15 young (15360K), 2 survivors (2048K)
 Metaspace       used 95398K, capacity 98910K, committed 99200K, reserved 602112K
  class space    used 12776K, capacity 14109K, committed 14208K, reserved 516096K
}
Event: 76.793 GC heap after
{Heap after GC invocations=63 (full 0):
 garbage-first heap   total 202752K, used 117411K [0x0000000080000000, 0x0000000100000000)
  region size 1024K, 2 young (2048K), 2 survivors (2048K)
 Metaspace       used 95398K, capacity 98910K, committed 99200K, reserved 602112K
  class space    used 12776K, capacity 14109K, committed 14208K, reserved 516096K
}
Event: 77.057 GC heap before
{Heap before GC invocations=63 (full 0):
 garbage-first heap   total 202752K, used 145059K [0x0000000080000000, 0x0000000100000000)
  region size 1024K, 29 young (29696K), 2 survivors (2048K)
 Metaspace       used 96613K, capacity 100205K, committed 100352K, reserved 602112K
  class space    used 12930K, capacity 14284K, committed 14336K, reserved 516096K
}
Event: 77.071 GC heap after
{Heap after GC invocations=64 (full 0):
 garbage-first heap   total 202752K, used 119663K [0x0000000080000000, 0x0000000100000000)
  region size 1024K, 4 young (4096K), 4 survivors (4096K)
 Metaspace       used 96613K, capacity 100205K, committed 100352K, reserved 602112K
  class space    used 12930K, capacity 14284K, committed 14336K, reserved 516096K
}
Event: 77.461 GC heap before
{Heap before GC invocations=65 (full 0):
 garbage-first heap   total 202752K, used 148335K [0x0000000080000000, 0x0000000100000000)
  region size 1024K, 32 young (32768K), 4 survivors (4096K)
 Metaspace       used 97273K, capacity 100984K, committed 101248K, reserved 604160K
  class space    used 13012K, capacity 14390K, committed 14464K, reserved 516096K
}
Event: 77.473 GC heap after
{Heap after GC invocations=66 (full 0):
 garbage-first heap   total 202752K, used 120873K [0x0000000080000000, 0x0000000100000000)
  region size 1024K, 4 young (4096K), 4 survivors (4096K)
 Metaspace       used 97273K, capacity 100984K, committed 101248K, reserved 604160K
  class space    used 13012K, capacity 14390K, committed 14464K, reserved 516096K
}
Event: 77.776 GC heap before
{Heap before GC invocations=66 (full 0):
 garbage-first heap   total 202752K, used 130089K [0x0000000080000000, 0x0000000100000000)
  region size 1024K, 15 young (15360K), 4 survivors (4096K)
 Metaspace       used 97412K, capacity 101204K, committed 101376K, reserved 604160K
  class space    used 13040K, capacity 14509K, committed 14592K, reserved 516096K
}
Event: 77.780 GC heap after
{Heap after GC invocations=67 (full 0):
 garbage-first heap   total 202752K, used 121552K [0x0000000080000000, 0x0000000100000000)
  region size 1024K, 3 young (3072K), 3 survivors (3072K)
 Metaspace       used 97412K, capacity 101204K, committed 101376K, reserved 604160K
  class space    used 13040K, capacity 14509K, committed 14592K, reserved 516096K
}
Event: 78.294 GC heap before
{Heap before GC invocations=68 (full 0):
 garbage-first heap   total 202752K, used 155344K [0x0000000080000000, 0x0000000100000000)
  region size 1024K, 34 young (34816K), 3 survivors (3072K)
 Metaspace       used 97654K, capacity 101580K, committed 101760K, reserved 604160K
  class space    used 13073K, capacity 14606K, committed 14720K, reserved 516096K
}
Event: 78.323 GC heap after
{Heap after GC invocations=69 (full 0):
 garbage-first heap   total 305152K, used 130394K [0x0000000080000000, 0x0000000100000000)
  region size 1024K, 5 young (5120K), 5 survivors (5120K)
 Metaspace       used 97654K, capacity 101580K, committed 101760K, reserved 604160K
  class space    used 13073K, capacity 14606K, committed 14720K, reserved 516096K
}

